TN:
SF:S:\WebstormProjects\blog111\app.js
FN:41,(anonymous_0)
FN:46,(anonymous_1)
FNF:2
FNH:0
FNDA:0,(anonymous_0)
FNDA:0,(anonymous_1)
DA:1,1
DA:2,1
DA:3,1
DA:4,1
DA:5,1
DA:7,1
DA:8,1
DA:10,1
DA:13,1
DA:14,1
DA:16,1
DA:17,1
DA:18,1
DA:19,1
DA:20,1
DA:22,1
DA:23,1
DA:24,1
DA:26,1
DA:28,1
DA:30,1
DA:32,1
DA:34,1
DA:36,1
DA:38,1
DA:41,1
DA:42,0
DA:46,1
DA:48,0
DA:49,0
DA:52,0
DA:53,0
DA:56,1
LF:33
LH:28
BRDA:49,0,0,0
BRDA:49,0,1,0
BRDA:52,1,0,0
BRDA:52,1,1,0
BRF:4
BRH:0
end_of_record
TN:
SF:S:\WebstormProjects\blog111\config.js
FNF:0
FNH:0
DA:1,1
LF:1
LH:1
BRF:0
BRH:0
end_of_record
TN:
SF:S:\WebstormProjects\blog111\app\modules\blog.js
FNF:0
FNH:0
DA:1,1
DA:2,1
DA:4,1
LF:3
LH:3
BRF:0
BRH:0
end_of_record
TN:
SF:S:\WebstormProjects\blog111\app\modules\category.js
FNF:0
FNH:0
DA:1,1
DA:2,1
DA:4,1
LF:3
LH:3
BRF:0
BRH:0
end_of_record
TN:
SF:S:\WebstormProjects\blog111\app\modules\user.js
FNF:0
FNH:0
DA:1,1
DA:2,1
DA:5,1
LF:3
LH:3
BRF:0
BRH:0
end_of_record
TN:
SF:S:\WebstormProjects\blog111\app\routes\blog.js
FN:8,(anonymous_0)
FN:16,(anonymous_1)
FN:24,(anonymous_2)
FN:37,(anonymous_3)
FN:50,(anonymous_4)
FN:58,(anonymous_5)
FN:74,(anonymous_6)
FN:90,(anonymous_7)
FN:95,(anonymous_8)
FNF:9
FNH:9
FNDA:2,(anonymous_0)
FNDA:2,(anonymous_1)
FNDA:2,(anonymous_2)
FNDA:1,(anonymous_3)
FNDA:1,(anonymous_4)
FNDA:1,(anonymous_5)
FNDA:1,(anonymous_6)
FNDA:1,(anonymous_7)
FNDA:1,(anonymous_8)
DA:1,1
DA:2,1
DA:4,1
DA:8,1
DA:10,2
DA:11,2
DA:12,2
DA:13,0
DA:14,0
DA:16,2
DA:17,2
DA:24,1
DA:25,2
DA:26,2
DA:27,2
DA:28,1
DA:32,1
DA:35,1
DA:36,1
DA:37,1
DA:38,1
DA:41,1
DA:50,1
DA:51,1
DA:52,0
DA:54,1
DA:58,1
DA:59,1
DA:60,1
DA:61,0
DA:66,1
DA:75,1
DA:76,0
DA:82,1
DA:90,1
DA:91,1
DA:93,1
DA:96,1
DA:97,0
DA:102,1
DA:105,1
LF:41
LH:35
BRDA:12,0,0,0
BRDA:12,0,1,2
BRDA:27,1,0,1
BRDA:27,1,1,1
BRDA:51,2,0,0
BRDA:51,2,1,1
BRDA:60,3,0,0
BRDA:60,3,1,1
BRDA:75,4,0,0
BRDA:75,4,1,1
BRDA:96,5,0,0
BRDA:96,5,1,1
BRF:12
BRH:7
end_of_record
TN:
SF:S:\WebstormProjects\blog111\app\routes\category.js
FN:6,(anonymous_0)
FN:12,(anonymous_1)
FN:24,(anonymous_2)
FN:25,(anonymous_3)
FN:34,(anonymous_4)
FN:37,(anonymous_5)
FN:48,(anonymous_6)
FN:54,(anonymous_7)
FNF:8
FNH:8
FNDA:1,(anonymous_0)
FNDA:1,(anonymous_1)
FNDA:2,(anonymous_2)
FNDA:2,(anonymous_3)
FNDA:1,(anonymous_4)
FNDA:1,(anonymous_5)
FNDA:1,(anonymous_6)
FNDA:1,(anonymous_7)
DA:1,1
DA:2,1
DA:3,1
DA:6,1
DA:7,1
DA:8,1
DA:9,1
DA:12,1
DA:13,1
DA:14,0
DA:20,1
DA:24,1
DA:25,2
DA:26,2
DA:34,1
DA:36,1
DA:37,1
DA:38,1
DA:39,0
DA:44,1
DA:48,1
DA:49,1
DA:52,1
DA:54,1
DA:55,1
DA:56,0
DA:61,1
DA:64,1
LF:28
LH:25
BRDA:13,0,0,0
BRDA:13,0,1,1
BRDA:38,1,0,0
BRDA:38,1,1,1
BRDA:55,2,0,0
BRDA:55,2,1,1
BRF:6
BRH:3
end_of_record
TN:
SF:S:\WebstormProjects\blog111\app\routes\setup.js
FN:6,(anonymous_0)
FN:14,(anonymous_1)
FNF:2
FNH:0
FNDA:0,(anonymous_0)
FNDA:0,(anonymous_1)
DA:1,1
DA:2,1
DA:4,1
DA:6,1
DA:8,0
DA:14,0
DA:15,0
DA:16,0
DA:21,0
DA:26,1
LF:10
LH:5
BRDA:15,0,0,0
BRDA:15,0,1,0
BRF:2
BRH:0
end_of_record
TN:
SF:S:\WebstormProjects\blog111\app\routes\user.js
FN:11,(anonymous_0)
FN:14,(anonymous_1)
FNF:2
FNH:2
FNDA:1,(anonymous_0)
FNDA:1,(anonymous_1)
DA:1,1
DA:2,1
DA:3,1
DA:5,1
DA:6,1
DA:7,1
DA:9,1
DA:11,1
DA:12,1
DA:15,1
DA:16,0
DA:19,1
DA:20,0
DA:21,1
DA:22,1
DA:23,0
DA:25,1
DA:26,1
DA:36,1
LF:19
LH:16
BRDA:15,0,0,0
BRDA:15,0,1,1
BRDA:19,1,0,0
BRDA:19,1,1,1
BRDA:21,2,0,1
BRDA:21,2,1,0
BRDA:22,3,0,0
BRDA:22,3,1,1
BRF:8
BRH:4
end_of_record
TN:
SF:S:\WebstormProjects\blog111\routes\index.js
FN:5,(anonymous_0)
FNF:1
FNH:0
FNDA:0,(anonymous_0)
DA:1,1
DA:2,1
DA:5,1
DA:6,0
DA:9,1
LF:5
LH:4
BRF:0
BRH:0
end_of_record
TN:
SF:S:\WebstormProjects\blog111\routes\users.js
FN:5,(anonymous_0)
FNF:1
FNH:0
FNDA:0,(anonymous_0)
DA:1,1
DA:2,1
DA:5,1
DA:6,0
DA:9,1
LF:5
LH:4
BRF:0
BRH:0
end_of_record
